<?xml version="1.0" encoding="UTF-8"?>
<coverage generated="1584500140792" clover="3.2.0">
  <project timestamp="1584500140792" name="All files">
    <metrics statements="14" coveredstatements="14" conditionals="4" coveredconditionals="4" methods="5" coveredmethods="5" elements="23" coveredelements="23" complexity="0" loc="14" ncloc="14" packages="3" files="3" classes="3"/>
    <package name="constants">
      <metrics statements="5" coveredstatements="5" conditionals="0" coveredconditionals="0" methods="0" coveredmethods="0"/>
      <file name="action-types.js" path="/Users/may/code/exploring-redux/src/constants/action-types.js">
        <metrics statements="5" coveredstatements="5" conditionals="0" coveredconditionals="0" methods="0" coveredmethods="0"/>
        <line num="1" count="2" type="stmt"/>
        <line num="2" count="2" type="stmt"/>
        <line num="3" count="2" type="stmt"/>
        <line num="4" count="2" type="stmt"/>
        <line num="5" count="2" type="stmt"/>
      </file>
    </package>
    <package name="redux.actions">
      <metrics statements="3" coveredstatements="3" conditionals="0" coveredconditionals="0" methods="3" coveredmethods="3"/>
      <file name="index.js" path="/Users/may/code/exploring-redux/src/redux/actions/index.js">
        <metrics statements="3" coveredstatements="3" conditionals="0" coveredconditionals="0" methods="3" coveredmethods="3"/>
        <line num="3" count="1" type="stmt"/>
        <line num="9" count="1" type="stmt"/>
        <line num="15" count="1" type="stmt"/>
      </file>
    </package>
    <package name="redux.reducers">
      <metrics statements="6" coveredstatements="6" conditionals="4" coveredconditionals="4" methods="2" coveredmethods="2"/>
      <file name="formData.js" path="/Users/may/code/exploring-redux/src/redux/reducers/formData.js">
        <metrics statements="6" coveredstatements="6" conditionals="4" coveredconditionals="4" methods="2" coveredmethods="2"/>
        <line num="3" count="1" type="stmt"/>
        <line num="4" count="1" type="cond" truecount="1" falsecount="0"/>
        <line num="5" count="3" type="cond" truecount="3" falsecount="0"/>
        <line num="7" count="1" type="stmt"/>
        <line num="18" count="1" type="stmt"/>
        <line num="20" count="1" type="stmt"/>
      </file>
    </package>
  </project>
</coverage>
