{"/Users/may/code/exploring-redux/src/constants/action-types.js": {"path":"/Users/may/code/exploring-redux/src/constants/action-types.js","statementMap":{"0":{"start":{"line":1,"column":29},"end":{"line":1,"column":44}},"1":{"start":{"line":2,"column":31},"end":{"line":2,"column":48}},"2":{"start":{"line":3,"column":25},"end":{"line":3,"column":36}},"3":{"start":{"line":4,"column":27},"end":{"line":4,"column":40}},"4":{"start":{"line":5,"column":26},"end":{"line":5,"column":38}}},"fnMap":{},"branchMap":{},"s":{"0":2,"1":2,"2":2,"3":2,"4":2},"f":{},"b":{},"_coverageSchema":"43e27e138ebf9cfc5966b082cf9a028302ed4184","hash":"79df05526dae82514ff8fb035588eb752ab413a2"}
,"/Users/may/code/exploring-redux/src/redux/actions/index.js": {"path":"/Users/may/code/exploring-redux/src/redux/actions/index.js","statementMap":{"0":{"start":{"line":3,"column":28},"end":{"line":6,"column":2}},"1":{"start":{"line":3,"column":39},"end":{"line":6,"column":1}},"2":{"start":{"line":9,"column":2},"end":{"line":12,"column":3}},"3":{"start":{"line":15,"column":30},"end":{"line":18,"column":2}},"4":{"start":{"line":15,"column":39},"end":{"line":18,"column":1}}},"fnMap":{"0":{"name":"(anonymous_0)","decl":{"start":{"line":3,"column":28},"end":{"line":3,"column":29}},"loc":{"start":{"line":3,"column":39},"end":{"line":6,"column":1}},"line":3},"1":{"name":"loadList","decl":{"start":{"line":8,"column":16},"end":{"line":8,"column":24}},"loc":{"start":{"line":8,"column":31},"end":{"line":13,"column":1}},"line":8},"2":{"name":"(anonymous_2)","decl":{"start":{"line":15,"column":30},"end":{"line":15,"column":31}},"loc":{"start":{"line":15,"column":39},"end":{"line":18,"column":1}},"line":15}},"branchMap":{},"s":{"0":1,"1":1,"2":1,"3":1,"4":1},"f":{"0":1,"1":1,"2":1},"b":{},"_coverageSchema":"43e27e138ebf9cfc5966b082cf9a028302ed4184","hash":"1036a1724c2116b7f391ae11e17ce9f3c3391dfb"}
,"/Users/may/code/exploring-redux/src/redux/reducers/formData.js": {"path":"/Users/may/code/exploring-redux/src/redux/reducers/formData.js","statementMap":{"0":{"start":{"line":3,"column":9},"end":{"line":3,"column":10}},"1":{"start":{"line":4,"column":17},"end":{"line":22,"column":1}},"2":{"start":{"line":5,"column":2},"end":{"line":21,"column":3}},"3":{"start":{"line":7,"column":6},"end":{"line":16,"column":7}},"4":{"start":{"line":18,"column":6},"end":{"line":18,"column":55}},"5":{"start":{"line":18,"column":38},"end":{"line":18,"column":54}},"6":{"start":{"line":20,"column":6},"end":{"line":20,"column":18}}},"fnMap":{"0":{"name":"(anonymous_0)","decl":{"start":{"line":4,"column":17},"end":{"line":4,"column":18}},"loc":{"start":{"line":4,"column":41},"end":{"line":22,"column":1}},"line":4},"1":{"name":"(anonymous_1)","decl":{"start":{"line":18,"column":26},"end":{"line":18,"column":27}},"loc":{"start":{"line":18,"column":38},"end":{"line":18,"column":54}},"line":18}},"branchMap":{"0":{"loc":{"start":{"line":4,"column":18},"end":{"line":4,"column":28}},"type":"default-arg","locations":[{"start":{"line":4,"column":26},"end":{"line":4,"column":28}}],"line":4},"1":{"loc":{"start":{"line":5,"column":2},"end":{"line":21,"column":3}},"type":"switch","locations":[{"start":{"line":6,"column":4},"end":{"line":16,"column":7}},{"start":{"line":17,"column":4},"end":{"line":18,"column":55}},{"start":{"line":19,"column":4},"end":{"line":20,"column":18}}],"line":5}},"s":{"0":1,"1":1,"2":3,"3":1,"4":1,"5":1,"6":1},"f":{"0":3,"1":1},"b":{"0":[1],"1":[1,1,1]},"_coverageSchema":"43e27e138ebf9cfc5966b082cf9a028302ed4184","hash":"193c43439c783800b05af5fffaa6af34d9f98bed"}
}
