{"/Users/may/code/exploring-redux/src/components/AddEmployeeForm/AddEmployeeForm.component.js": {"path":"/Users/may/code/exploring-redux/src/components/AddEmployeeForm/AddEmployeeForm.component.js","statementMap":{"0":{"start":{"line":12,"column":19},"end":{"line":12,"column":32}},"1":{"start":{"line":13,"column":2},"end":{"line":89,"column":3}},"2":{"start":{"line":46,"column":10},"end":{"line":46,"column":49}},"3":{"start":{"line":47,"column":10},"end":{"line":50,"column":17}},"4":{"start":{"line":48,"column":12},"end":{"line":48,"column":85}},"5":{"start":{"line":49,"column":12},"end":{"line":49,"column":32}},"6":{"start":{"line":51,"column":10},"end":{"line":51,"column":21}}},"fnMap":{"0":{"name":"AddEmployeeForm","decl":{"start":{"line":11,"column":16},"end":{"line":11,"column":31}},"loc":{"start":{"line":11,"column":34},"end":{"line":90,"column":1}},"line":11},"1":{"name":"(anonymous_1)","decl":{"start":{"line":45,"column":18},"end":{"line":45,"column":19}},"loc":{"start":{"line":45,"column":58},"end":{"line":52,"column":9}},"line":45},"2":{"name":"(anonymous_2)","decl":{"start":{"line":47,"column":21},"end":{"line":47,"column":22}},"loc":{"start":{"line":47,"column":27},"end":{"line":50,"column":11}},"line":47}},"branchMap":{},"s":{"0":1,"1":1,"2":0,"3":0,"4":0,"5":0,"6":0},"f":{"0":1,"1":0,"2":0},"b":{},"_coverageSchema":"43e27e138ebf9cfc5966b082cf9a028302ed4184","hash":"30d1db0e388b2459cb290ab9fad20da9a2396ebc"}
,"/Users/may/code/exploring-redux/src/components/AddEmployeeForm/index.js": {"path":"/Users/may/code/exploring-redux/src/components/AddEmployeeForm/index.js","statementMap":{},"fnMap":{},"branchMap":{},"s":{},"f":{},"b":{},"_coverageSchema":"43e27e138ebf9cfc5966b082cf9a028302ed4184","hash":"d05ef458d2b918530942812fe3ff36a2605b0a61"}
,"/Users/may/code/exploring-redux/src/components/AppContainer/AppContainer.component.js": {"path":"/Users/may/code/exploring-redux/src/components/AppContainer/AppContainer.component.js","statementMap":{"0":{"start":{"line":9,"column":36},"end":{"line":9,"column":57}},"1":{"start":{"line":11,"column":2},"end":{"line":19,"column":3}},"2":{"start":{"line":13,"column":47},"end":{"line":13,"column":65}},"3":{"start":{"line":17,"column":48},"end":{"line":17,"column":67}}},"fnMap":{"0":{"name":"AppContainer","decl":{"start":{"line":7,"column":16},"end":{"line":7,"column":28}},"loc":{"start":{"line":7,"column":31},"end":{"line":20,"column":1}},"line":7},"1":{"name":"(anonymous_1)","decl":{"start":{"line":13,"column":41},"end":{"line":13,"column":42}},"loc":{"start":{"line":13,"column":47},"end":{"line":13,"column":65}},"line":13},"2":{"name":"(anonymous_2)","decl":{"start":{"line":17,"column":42},"end":{"line":17,"column":43}},"loc":{"start":{"line":17,"column":48},"end":{"line":17,"column":67}},"line":17}},"branchMap":{},"s":{"0":1,"1":1,"2":0,"3":0},"f":{"0":1,"1":0,"2":0},"b":{},"_coverageSchema":"43e27e138ebf9cfc5966b082cf9a028302ed4184","hash":"5261506ca68a27b54b2366e9412811969f16dee6"}
,"/Users/may/code/exploring-redux/src/components/AppContainer/AppContainer.style.js": {"path":"/Users/may/code/exploring-redux/src/components/AppContainer/AppContainer.style.js","statementMap":{"0":{"start":{"line":4,"column":29},"end":{"line":10,"column":1}}},"fnMap":{},"branchMap":{},"s":{"0":1},"f":{},"b":{},"_coverageSchema":"43e27e138ebf9cfc5966b082cf9a028302ed4184","hash":"e4f8a135f786dbc4bdbd8c28be019858ae358108"}
,"/Users/may/code/exploring-redux/src/components/DisplayTable/DisplayTable.component.js": {"path":"/Users/may/code/exploring-redux/src/components/DisplayTable/DisplayTable.component.js","statementMap":{"0":{"start":{"line":9,"column":20},"end":{"line":9,"column":47}},"1":{"start":{"line":9,"column":41},"end":{"line":9,"column":46}},"2":{"start":{"line":10,"column":19},"end":{"line":10,"column":48}},"3":{"start":{"line":11,"column":19},"end":{"line":11,"column":32}},"4":{"start":{"line":12,"column":2},"end":{"line":44,"column":3}},"5":{"start":{"line":26,"column":12},"end":{"line":32,"column":17}},"6":{"start":{"line":38,"column":43},"end":{"line":38,"column":77}}},"fnMap":{"0":{"name":"DisplayTable","decl":{"start":{"line":8,"column":16},"end":{"line":8,"column":28}},"loc":{"start":{"line":8,"column":31},"end":{"line":45,"column":1}},"line":8},"1":{"name":"(anonymous_1)","decl":{"start":{"line":9,"column":32},"end":{"line":9,"column":33}},"loc":{"start":{"line":9,"column":41},"end":{"line":9,"column":46}},"line":9},"2":{"name":"(anonymous_2)","decl":{"start":{"line":25,"column":34},"end":{"line":25,"column":35}},"loc":{"start":{"line":26,"column":12},"end":{"line":32,"column":17}},"line":26},"3":{"name":"(anonymous_3)","decl":{"start":{"line":38,"column":25},"end":{"line":38,"column":26}},"loc":{"start":{"line":38,"column":43},"end":{"line":38,"column":77}},"line":38}},"branchMap":{"0":{"loc":{"start":{"line":37,"column":9},"end":{"line":41,"column":9}},"type":"cond-expr","locations":[{"start":{"line":38,"column":10},"end":{"line":38,"column":78}},{"start":{"line":40,"column":10},"end":{"line":40,"column":43}}],"line":37}},"s":{"0":2,"1":0,"2":0,"3":0,"4":0,"5":0,"6":0},"f":{"0":2,"1":0,"2":0,"3":0},"b":{"0":[0,0]},"_coverageSchema":"43e27e138ebf9cfc5966b082cf9a028302ed4184","hash":"5eb1e03304a0f22fe60e371023172474ace655d6"}
,"/Users/may/code/exploring-redux/src/components/DisplayTable/DisplayTable.style.js": {"path":"/Users/may/code/exploring-redux/src/components/DisplayTable/DisplayTable.style.js","statementMap":{"0":{"start":{"line":3,"column":30},"end":{"line":8,"column":1}}},"fnMap":{},"branchMap":{},"s":{"0":1},"f":{},"b":{},"_coverageSchema":"43e27e138ebf9cfc5966b082cf9a028302ed4184","hash":"3be74f7ea62bff94d6ed18f3bff3ec81b771e436"}
,"/Users/may/code/exploring-redux/src/components/DisplayTable/index.js": {"path":"/Users/may/code/exploring-redux/src/components/DisplayTable/index.js","statementMap":{},"fnMap":{},"branchMap":{},"s":{},"f":{},"b":{},"_coverageSchema":"43e27e138ebf9cfc5966b082cf9a028302ed4184","hash":"ce58f4798642dd0ec51e3aabc3a5243004cc113c"}
,"/Users/may/code/exploring-redux/src/components/FormModal/FormModal.component.js": {"path":"/Users/may/code/exploring-redux/src/components/FormModal/FormModal.component.js","statementMap":{"0":{"start":{"line":7,"column":2},"end":{"line":59,"column":3}}},"fnMap":{"0":{"name":"FormModal","decl":{"start":{"line":6,"column":16},"end":{"line":6,"column":25}},"loc":{"start":{"line":6,"column":33},"end":{"line":60,"column":1}},"line":6}},"branchMap":{},"s":{"0":1},"f":{"0":1},"b":{},"_coverageSchema":"43e27e138ebf9cfc5966b082cf9a028302ed4184","hash":"dda2645ebf02bc7059afc6a14f1b29f0597ff818"}
,"/Users/may/code/exploring-redux/src/components/FormModal/index.js": {"path":"/Users/may/code/exploring-redux/src/components/FormModal/index.js","statementMap":{},"fnMap":{},"branchMap":{},"s":{},"f":{},"b":{},"_coverageSchema":"43e27e138ebf9cfc5966b082cf9a028302ed4184","hash":"e2859635ae52fe3bccb40541bda79d4c9e27139d"}
,"/Users/may/code/exploring-redux/src/components/TextInput/TextInput.component.js": {"path":"/Users/may/code/exploring-redux/src/components/TextInput/TextInput.component.js","statementMap":{"0":{"start":{"line":6,"column":25},"end":{"line":33,"column":1}},"1":{"start":{"line":8,"column":24},"end":{"line":8,"column":39}},"2":{"start":{"line":9,"column":2},"end":{"line":32,"column":3}}},"fnMap":{"0":{"name":"(anonymous_0)","decl":{"start":{"line":6,"column":25},"end":{"line":6,"column":26}},"loc":{"start":{"line":6,"column":50},"end":{"line":33,"column":1}},"line":6}},"branchMap":{"0":{"loc":{"start":{"line":12,"column":29},"end":{"line":12,"column":51}},"type":"binary-expr","locations":[{"start":{"line":12,"column":29},"end":{"line":12,"column":37}},{"start":{"line":12,"column":41},"end":{"line":12,"column":51}}],"line":12},"1":{"loc":{"start":{"line":14,"column":11},"end":{"line":18,"column":18}},"type":"cond-expr","locations":[{"start":{"line":15,"column":12},"end":{"line":17,"column":16}},{"start":{"line":18,"column":14},"end":{"line":18,"column":18}}],"line":14},"2":{"loc":{"start":{"line":22,"column":12},"end":{"line":22,"column":74}},"type":"cond-expr","locations":[{"start":{"line":22,"column":41},"end":{"line":22,"column":59}},{"start":{"line":22,"column":62},"end":{"line":22,"column":74}}],"line":22},"3":{"loc":{"start":{"line":22,"column":12},"end":{"line":22,"column":38}},"type":"binary-expr","locations":[{"start":{"line":22,"column":12},"end":{"line":22,"column":24}},{"start":{"line":22,"column":28},"end":{"line":22,"column":38}}],"line":22},"4":{"loc":{"start":{"line":27,"column":9},"end":{"line":29,"column":16}},"type":"cond-expr","locations":[{"start":{"line":28,"column":10},"end":{"line":28,"column":51}},{"start":{"line":29,"column":12},"end":{"line":29,"column":16}}],"line":27},"5":{"loc":{"start":{"line":27,"column":9},"end":{"line":27,"column":35}},"type":"binary-expr","locations":[{"start":{"line":27,"column":9},"end":{"line":27,"column":21}},{"start":{"line":27,"column":25},"end":{"line":27,"column":35}}],"line":27}},"s":{"0":3,"1":1,"2":0},"f":{"0":1},"b":{"0":[0,0],"1":[0,0],"2":[0,0],"3":[0,0],"4":[0,0],"5":[0,0]},"_coverageSchema":"43e27e138ebf9cfc5966b082cf9a028302ed4184","hash":"79d910cc9a30dd13faa1c93775b286f5166730a2"}
,"/Users/may/code/exploring-redux/src/components/TextInput/index.js": {"path":"/Users/may/code/exploring-redux/src/components/TextInput/index.js","statementMap":{},"fnMap":{},"branchMap":{},"s":{},"f":{},"b":{},"_coverageSchema":"43e27e138ebf9cfc5966b082cf9a028302ed4184","hash":"7852db7e1389f325eff893513b7f24c3ee5112b3"}
,"/Users/may/code/exploring-redux/src/constants/action-types.js": {"path":"/Users/may/code/exploring-redux/src/constants/action-types.js","statementMap":{"0":{"start":{"line":1,"column":29},"end":{"line":1,"column":44}},"1":{"start":{"line":2,"column":25},"end":{"line":2,"column":36}},"2":{"start":{"line":3,"column":27},"end":{"line":3,"column":40}},"3":{"start":{"line":4,"column":26},"end":{"line":4,"column":38}}},"fnMap":{},"branchMap":{},"s":{"0":4,"1":4,"2":4,"3":4},"f":{},"b":{},"_coverageSchema":"43e27e138ebf9cfc5966b082cf9a028302ed4184","hash":"04e1e8a3dedbe9e9fc7901ffbc94c9e383ac2909"}
,"/Users/may/code/exploring-redux/src/redux/actions/index.js": {"path":"/Users/may/code/exploring-redux/src/redux/actions/index.js","statementMap":{"0":{"start":{"line":3,"column":28},"end":{"line":6,"column":2}},"1":{"start":{"line":3,"column":39},"end":{"line":6,"column":1}},"2":{"start":{"line":9,"column":2},"end":{"line":12,"column":3}}},"fnMap":{"0":{"name":"(anonymous_0)","decl":{"start":{"line":3,"column":28},"end":{"line":3,"column":29}},"loc":{"start":{"line":3,"column":39},"end":{"line":6,"column":1}},"line":3},"1":{"name":"loadList","decl":{"start":{"line":8,"column":16},"end":{"line":8,"column":24}},"loc":{"start":{"line":8,"column":31},"end":{"line":13,"column":1}},"line":8}},"branchMap":{},"s":{"0":1,"1":1,"2":1},"f":{"0":1,"1":1},"b":{},"_coverageSchema":"43e27e138ebf9cfc5966b082cf9a028302ed4184","hash":"243795b95472a6a2daab1bcfc0d6942a15be1dfb"}
,"/Users/may/code/exploring-redux/src/redux/reducers/formData.js": {"path":"/Users/may/code/exploring-redux/src/redux/reducers/formData.js","statementMap":{"0":{"start":{"line":2,"column":17},"end":{"line":17,"column":1}},"1":{"start":{"line":3,"column":2},"end":{"line":16,"column":3}},"2":{"start":{"line":5,"column":6},"end":{"line":13,"column":7}},"3":{"start":{"line":15,"column":6},"end":{"line":15,"column":18}}},"fnMap":{"0":{"name":"(anonymous_0)","decl":{"start":{"line":2,"column":17},"end":{"line":2,"column":18}},"loc":{"start":{"line":2,"column":41},"end":{"line":17,"column":1}},"line":2}},"branchMap":{"0":{"loc":{"start":{"line":2,"column":18},"end":{"line":2,"column":28}},"type":"default-arg","locations":[{"start":{"line":2,"column":26},"end":{"line":2,"column":28}}],"line":2},"1":{"loc":{"start":{"line":3,"column":2},"end":{"line":16,"column":3}},"type":"switch","locations":[{"start":{"line":4,"column":4},"end":{"line":13,"column":7}},{"start":{"line":14,"column":4},"end":{"line":15,"column":18}}],"line":3}},"s":{"0":1,"1":2,"2":1,"3":1},"f":{"0":2},"b":{"0":[1],"1":[1,1]},"_coverageSchema":"43e27e138ebf9cfc5966b082cf9a028302ed4184","hash":"5cc7067889d54022db4b775ee25d7b20bb4fc48f"}
}
