TN:
SF:/Users/may/code/exploring-redux/src/constants/action-types.js
FNF:0
FNH:0
DA:1,2
DA:2,2
DA:3,2
DA:4,2
DA:5,2
LF:5
LH:5
BRF:0
BRH:0
end_of_record
TN:
SF:/Users/may/code/exploring-redux/src/redux/actions/index.js
FN:3,(anonymous_0)
FN:8,loadList
FN:15,(anonymous_2)
FNF:3
FNH:3
FNDA:1,(anonymous_0)
FNDA:1,loadList
FNDA:1,(anonymous_2)
DA:3,1
DA:9,1
DA:15,1
LF:3
LH:3
BRF:0
BRH:0
end_of_record
TN:
SF:/Users/may/code/exploring-redux/src/redux/reducers/formData.js
FN:4,(anonymous_0)
FN:18,(anonymous_1)
FNF:2
FNH:2
FNDA:3,(anonymous_0)
FNDA:1,(anonymous_1)
DA:3,1
DA:4,1
DA:5,3
DA:7,1
DA:18,1
DA:20,1
LF:6
LH:6
BRDA:4,0,0,1
BRDA:5,1,0,1
BRDA:5,1,1,1
BRDA:5,1,2,1
BRF:4
BRH:4
end_of_record
