TN:
SF:/Users/may/code/exploring-redux/src/components/AddEmployeeForm/AddEmployeeForm.component.js
FN:11,AddEmployeeForm
FN:46,(anonymous_1)
FN:48,(anonymous_2)
FNF:3
FNH:0
FNDA:0,AddEmployeeForm
FNDA:0,(anonymous_1)
FNDA:0,(anonymous_2)
DA:12,0
DA:13,0
DA:47,0
DA:48,0
DA:49,0
DA:50,0
DA:52,0
LF:7
LH:0
BRF:0
BRH:0
end_of_record
TN:
SF:/Users/may/code/exploring-redux/src/components/AddEmployeeForm/index.js
FNF:0
FNH:0
LF:0
LH:0
BRF:0
BRH:0
end_of_record
TN:
SF:/Users/may/code/exploring-redux/src/components/AppContainer/AppContainer.component.js
FN:7,AppContainer
FN:13,(anonymous_1)
FN:17,(anonymous_2)
FNF:3
FNH:1
FNDA:1,AppContainer
FNDA:0,(anonymous_1)
FNDA:0,(anonymous_2)
DA:9,1
DA:11,1
DA:13,0
DA:17,0
LF:4
LH:2
BRF:0
BRH:0
end_of_record
TN:
SF:/Users/may/code/exploring-redux/src/components/AppContainer/AppContainer.style.js
FNF:0
FNH:0
DA:4,1
LF:1
LH:1
BRF:0
BRH:0
end_of_record
TN:
SF:/Users/may/code/exploring-redux/src/components/DisplayTable/DisplayTable.component.js
FN:8,DisplayTable
FN:9,(anonymous_1)
FN:26,(anonymous_2)
FN:39,(anonymous_3)
FNF:4
FNH:1
FNDA:2,DisplayTable
FNDA:0,(anonymous_1)
FNDA:0,(anonymous_2)
FNDA:0,(anonymous_3)
DA:9,2
DA:10,0
DA:11,0
DA:12,0
DA:13,0
DA:27,0
DA:39,0
LF:7
LH:1
BRDA:38,0,0,0
BRDA:38,0,1,0
BRF:2
BRH:0
end_of_record
TN:
SF:/Users/may/code/exploring-redux/src/components/DisplayTable/DisplayTable.style.js
FNF:0
FNH:0
DA:3,1
LF:1
LH:1
BRF:0
BRH:0
end_of_record
TN:
SF:/Users/may/code/exploring-redux/src/components/DisplayTable/index.js
FNF:0
FNH:0
LF:0
LH:0
BRF:0
BRH:0
end_of_record
TN:
SF:/Users/may/code/exploring-redux/src/components/FormModal/FormModal.component.js
FN:6,FormModal
FNF:1
FNH:1
FNDA:1,FormModal
DA:7,1
LF:1
LH:1
BRF:0
BRH:0
end_of_record
TN:
SF:/Users/may/code/exploring-redux/src/components/FormModal/index.js
FNF:0
FNH:0
LF:0
LH:0
BRF:0
BRH:0
end_of_record
TN:
SF:/Users/may/code/exploring-redux/src/components/TextInput/TextInput.component.js
FN:6,(anonymous_0)
FNF:1
FNH:1
FNDA:1,(anonymous_0)
DA:6,2
DA:8,1
DA:9,0
LF:3
LH:2
BRDA:12,0,0,0
BRDA:12,0,1,0
BRDA:14,1,0,0
BRDA:14,1,1,0
BRDA:22,2,0,0
BRDA:22,2,1,0
BRDA:22,3,0,0
BRDA:22,3,1,0
BRDA:27,4,0,0
BRDA:27,4,1,0
BRDA:27,5,0,0
BRDA:27,5,1,0
BRF:12
BRH:0
end_of_record
TN:
SF:/Users/may/code/exploring-redux/src/components/TextInput/index.js
FNF:0
FNH:0
LF:0
LH:0
BRF:0
BRH:0
end_of_record
TN:
SF:/Users/may/code/exploring-redux/src/constants/action-types.js
FNF:0
FNH:0
DA:1,3
DA:2,3
DA:3,3
DA:4,3
LF:4
LH:4
BRF:0
BRH:0
end_of_record
TN:
SF:/Users/may/code/exploring-redux/src/redux/actions/index.js
FN:3,(anonymous_0)
FN:8,loadList
FNF:2
FNH:2
FNDA:1,(anonymous_0)
FNDA:1,loadList
DA:3,1
DA:9,1
LF:2
LH:2
BRF:0
BRH:0
end_of_record
TN:
SF:/Users/may/code/exploring-redux/src/redux/reducers/formData.js
FN:2,(anonymous_0)
FNF:1
FNH:1
FNDA:2,(anonymous_0)
DA:2,1
DA:3,2
DA:5,1
DA:15,1
LF:4
LH:4
BRDA:2,0,0,1
BRDA:3,1,0,1
BRDA:3,1,1,1
BRF:3
BRH:3
end_of_record
